<?xml version="1.0" encoding="UTF-8"?>
<!-- Generated by org.testng.reporters.JUnitReportReporter -->
<testsuite skipped="0" hostname="DESKTOP-3QGRUM4" name="tests.LoginTestWithDataProvider" tests="5" failures="0" timestamp="30 Jan 2020 07:03:45 GMT" time="92.572" errors="0">
  <testcase name="runnermethod" time="15.372" classname="tests.LoginTestWithDataProvider"/>
  <testcase name="runnermethod" time="16.236" classname="tests.LoginTestWithDataProvider"/>
  <testcase name="runnermethod" time="20.980" classname="tests.LoginTestWithDataProvider"/>
  <testcase name="runnermethod" time="20.079" classname="tests.LoginTestWithDataProvider"/>
  <testcase name="runnermethod" time="19.905" classname="tests.LoginTestWithDataProvider"/>
</testsuite> <!-- tests.LoginTestWithDataProvider -->
